# JRE version: Java(TM) SE Runtime Environment (8.0_31-b13) (build 1.8.0_31-b13)
# Java VM: Java HotSpot(TM) Client VM (25.31-b07 mixed mode windows-x86 )
Heap:
 def new generation   total 7296K, used 768K [0x04600000, 0x04de0000, 0x09b50000)
  eden space 6528K,   0% used [0x04600000, 0x04600000, 0x04c60000)
  from space 768K, 100% used [0x04c60000, 0x04d20000, 0x04d20000)
  to   space 768K,   0% used [0x04d20000, 0x04d20000, 0x04de0000)
 tenured generation   total 16196K, used 16099K [0x09b50000, 0x0ab21000, 0x14600000)
   the space 16196K,  99% used [0x09b50000, 0x0ab08ce0, 0x0a237200, 0x0ab21000)
 Metaspace       used 16196K, capacity 16358K, committed 16512K, reserved 16768K
GC Heap History (10 events):
Event: 2.585 GC heap after
Heap after GC invocations=42 (full 1):
 def new generation   total 7296K, used 659K [0x04600000, 0x04de0000, 0x09b50000)
  eden space 6528K,   0% used [0x04600000, 0x04600000, 0x04c60000)
  from space 768K,  85% used [0x04d20000, 0x04dc4d90, 0x04de0000)
  to   space 768K,   0% used [0x04c60000, 0x04c60000, 0x04d20000)
 tenured generation   total 16068K, used 12901K [0x09b50000, 0x0ab01000, 0x14600000)
   the space 16068K,  80% used [0x09b50000, 0x0a7e9640, 0x0a7e9800, 0x0ab01000)
 Metaspace       used 14855K, capacity 14997K, committed 15104K, reserved 15744K
}
Event: 2.639 GC heap before
{Heap before GC invocations=42 (full 1):
 def new generation   total 7296K, used 7187K [0x04600000, 0x04de0000, 0x09b50000)
  eden space 6528K, 100% used [0x04600000, 0x04c60000, 0x04c60000)
  from space 768K,  85% used [0x04d20000, 0x04dc4d90, 0x04de0000)
  to   space 768K,   0% used [0x04c60000, 0x04c60000, 0x04d20000)
 tenured generation   total 16068K, used 12901K [0x09b50000, 0x0ab01000, 0x14600000)
   the space 16068K,  80% used [0x09b50000, 0x0a7e9640, 0x0a7e9800, 0x0ab01000)
 Metaspace       used 15067K, capacity 15226K, committed 15232K, reserved 15744K
Event: 2.642 GC heap after
Heap after GC invocations=43 (full 1):
 def new generation   total 7296K, used 724K [0x04600000, 0x04de0000, 0x09b50000)
  eden space 6528K,   0% used [0x04600000, 0x04600000, 0x04c60000)
  from space 768K,  94% used [0x04c60000, 0x04d15118, 0x04d20000)
  to   space 768K,   0% used [0x04d20000, 0x04d20000, 0x04de0000)
 tenured generation   total 16068K, used 13325K [0x09b50000, 0x0ab01000, 0x14600000)
   the space 16068K,  82% used [0x09b50000, 0x0a853728, 0x0a853800, 0x0ab01000)
 Metaspace       used 15067K, capacity 15226K, committed 15232K, reserved 15744K
}
Event: 2.696 GC heap before
{Heap before GC invocations=43 (full 1):
 def new generation   total 7296K, used 7252K [0x04600000, 0x04de0000, 0x09b50000)
  eden space 6528K, 100% used [0x04600000, 0x04c60000, 0x04c60000)
  from space 768K,  94% used [0x04c60000, 0x04d15118, 0x04d20000)
  to   space 768K,   0% used [0x04d20000, 0x04d20000, 0x04de0000)
 tenured generation   total 16068K, used 13325K [0x09b50000, 0x0ab01000, 0x14600000)
   the space 16068K,  82% used [0x09b50000, 0x0a853728, 0x0a853800, 0x0ab01000)
 Metaspace       used 15193K, capacity 15356K, committed 15360K, reserved 15744K
Event: 2.698 GC heap after
Heap after GC invocations=44 (full 1):
 def new generation   total 7296K, used 469K [0x04600000, 0x04de0000, 0x09b50000)
  eden space 6528K,   0% used [0x04600000, 0x04600000, 0x04c60000)
  from space 768K,  61% used [0x04d20000, 0x04d95518, 0x04de0000)
  to   space 768K,   0% used [0x04c60000, 0x04c60000, 0x04d20000)
 tenured generation   total 16068K, used 13689K [0x09b50000, 0x0ab01000, 0x14600000)
   the space 16068K,  85% used [0x09b50000, 0x0a8ae498, 0x0a8ae600, 0x0ab01000)
 Metaspace       used 15193K, capacity 15356K, committed 15360K, reserved 15744K
}
Event: 2.745 GC heap before
{Heap before GC invocations=44 (full 1):
 def new generation   total 7296K, used 6997K [0x04600000, 0x04de0000, 0x09b50000)
  eden space 6528K, 100% used [0x04600000, 0x04c60000, 0x04c60000)
  from space 768K,  61% used [0x04d20000, 0x04d95518, 0x04de0000)
  to   space 768K,   0% used [0x04c60000, 0x04c60000, 0x04d20000)
 tenured generation   total 16068K, used 13689K [0x09b50000, 0x0ab01000, 0x14600000)
   the space 16068K,  85% used [0x09b50000, 0x0a8ae498, 0x0a8ae600, 0x0ab01000)
 Metaspace       used 15252K, capacity 15393K, committed 15488K, reserved 15744K
Event: 2.747 GC heap after
Heap after GC invocations=45 (full 1):
 def new generation   total 7296K, used 379K [0x04600000, 0x04de0000, 0x09b50000)
  eden space 6528K,   0% used [0x04600000, 0x04600000, 0x04c60000)
  from space 768K,  49% used [0x04c60000, 0x04cbee60, 0x04d20000)
  to   space 768K,   0% used [0x04d20000, 0x04d20000, 0x04de0000)
 tenured generation   total 16068K, used 13999K [0x09b50000, 0x0ab01000, 0x14600000)
   the space 16068K,  87% used [0x09b50000, 0x0a8fbcf0, 0x0a8fbe00, 0x0ab01000)
 Metaspace       used 15252K, capacity 15393K, committed 15488K, reserved 15744K
}
Event: 2.806 GC heap before
{Heap before GC invocations=45 (full 1):
 def new generation   total 7296K, used 6312K [0x04600000, 0x04de0000, 0x09b50000)
  eden space 6528K,  90% used [0x04600000, 0x04bcb330, 0x04c60000)
  from space 768K,  49% used [0x04c60000, 0x04cbee60, 0x04d20000)
  to   space 768K,   0% used [0x04d20000, 0x04d20000, 0x04de0000)
 tenured generation   total 16068K, used 13999K [0x09b50000, 0x0ab01000, 0x14600000)
   the space 16068K,  87% used [0x09b50000, 0x0a8fbcf0, 0x0a8fbe00, 0x0ab01000)
 Metaspace       used 15617K, capacity 15777K, committed 15872K, reserved 16768K
Event: 2.809 GC heap after
Heap after GC invocations=46 (full 1):
 def new generation   total 7296K, used 768K [0x04600000, 0x04de0000, 0x09b50000)
  eden space 6528K,   0% used [0x04600000, 0x04600000, 0x04c60000)
  from space 768K, 100% used [0x04d20000, 0x04de0000, 0x04de0000)
  to   space 768K,   0% used [0x04c60000, 0x04c60000, 0x04d20000)
 tenured generation   total 16068K, used 14206K [0x09b50000, 0x0ab01000, 0x14600000)
   the space 16068K,  88% used [0x09b50000, 0x0a92f860, 0x0a92fa00, 0x0ab01000)
 Metaspace       used 15617K, capacity 15777K, committed 15872K, reserved 16768K
}
Event: 3.870 GC heap before
{Heap before GC invocations=46 (full 1):
 def new generation   total 7296K, used 7296K [0x04600000, 0x04de0000, 0x09b50000)
  eden space 6528K, 100% used [0x04600000, 0x04c60000, 0x04c60000)
  from space 768K, 100% used [0x04d20000, 0x04de0000, 0x04de0000)
  to   space 768K,   0% used [0x04c60000, 0x04c60000, 0x04d20000)
 tenured generation   total 16068K, used 14206K [0x09b50000, 0x0ab01000, 0x14600000)
   the space 16068K,  88% used [0x09b50000, 0x0a92f860, 0x0a92fa00, 0x0ab01000)
 Metaspace       used 16196K, capacity 16358K, committed 16512K, reserved 16768K

